Sultanwok/build/outputs/logs/manifest-merger-debug-report.txt
-- Merging decision tree log ---
manifest
ADDED from src\main\AndroidManifest.xml:1:1-344:12
	package
		ADDED from src\main\AndroidManifest.xml:2:5-39
		INJECTED from src\main\AndroidManifest.xml
		INJECTED from src\main\AndroidManifest.xml
	android:versionName
		ADDED from src\main\AndroidManifest.xml:5:5-30
		INJECTED from src\main\AndroidManifest.xml
		INJECTED from src\main\AndroidManifest.xml
	android:versionCode
		ADDED from src\main\AndroidManifest.xml:4:5-28
		INJECTED from src\main\AndroidManifest.xml
		INJECTED from src\main\AndroidManifest.xml
	xmlns:android
		ADDED from src\main\AndroidManifest.xml:1:11-69
	android:installLocation
		ADDED from src\main\AndroidManifest.xml:3:5-45
uses-sdk
ADDED from src\main\AndroidManifest.xml:7:5-9:41
MERGED from [com.android.support:multidex:1.0.1] AndroidManifest.xml:18:5-42
MERGED from [com.google.android.gms:play-services:7.5.0] AndroidManifest.xml:18:5-42
MERGED from [com.google.android.gms:play-services-ads:7.5.0] AndroidManifest.xml:23:5-42
MERGED from [com.google.android.gms:play-services-analytics:7.5.0] AndroidManifest.xml:18:5-42
MERGED from [com.google.android.gms:play-services-appindexing:7.5.0] AndroidManifest.xml:18:5-42
MERGED from [com.google.android.gms:play-services-appinvite:7.5.0] AndroidManifest.xml:18:5-42
MERGED from [com.google.android.gms:play-services-appstate:7.5.0] AndroidManifest.xml:18:5-42
MERGED from [com.google.android.gms:play-services-cast:7.5.0] AndroidManifest.xml:18:5-42
MERGED from [com.android.support:mediarouter-v7:22.0.0] AndroidManifest.xml:20:5-43
MERGED from [com.google.android.gms:play-services-fitness:7.5.0] AndroidManifest.xml:18:5-42
MERGED from [com.google.android.gms:play-services-games:7.5.0] AndroidManifest.xml:18:5-42
MERGED from [com.google.android.gms:play-services-drive:7.5.0] AndroidManifest.xml:18:5-42
MERGED from [com.google.android.gms:play-services-gcm:7.5.0] AndroidManifest.xml:18:5-42
MERGED from [com.google.android.gms:play-services-location:7.5.0] AndroidManifest.xml:18:5-42
MERGED from [com.google.android.gms:play-services-nearby:7.5.0] AndroidManifest.xml:18:5-42
MERGED from [com.google.android.gms:play-services-panorama:7.5.0] AndroidManifest.xml:18:5-42
MERGED from [com.google.android.gms:play-services-plus:7.5.0] AndroidManifest.xml:18:5-42
MERGED from [com.google.android.gms:play-services-safetynet:7.5.0] AndroidManifest.xml:18:5-42
MERGED from [com.google.android.gms:play-services-wallet:7.5.0] AndroidManifest.xml:19:5-42
MERGED from [com.google.android.gms:play-services-identity:7.5.0] AndroidManifest.xml:18:5-42
MERGED from [com.google.android.gms:play-services-maps:7.5.0] AndroidManifest.xml:28:5-42
MERGED from [com.google.android.gms:play-services-wearable:7.5.0] AndroidManifest.xml:18:5-42
MERGED from [com.google.android.gms:play-services-base:7.5.0] AndroidManifest.xml:18:5-42
MERGED from [com.android.support:cardview-v7:23.4.0] AndroidManifest.xml:20:5-43
MERGED from [com.android.support:design:23.4.0] AndroidManifest.xml:20:5-43
MERGED from [com.android.support:appcompat-v7:23.4.0] AndroidManifest.xml:21:5-23:78
MERGED from [com.android.support:animated-vector-drawable:23.4.0] AndroidManifest.xml:5:5-44
MERGED from [com.android.support:support-vector-drawable:23.4.0] AndroidManifest.xml:5:5-43
MERGED from [com.android.support:recyclerview-v7:23.4.0] AndroidManifest.xml:20:5-43
MERGED from [com.android.support:support-v4:23.4.0] AndroidManifest.xml:20:5-43
MERGED from [info.hoang8f:android-segmented:1.0.6] AndroidManifest.xml:7:5-9:41
	tools:overrideLibrary
		ADDED from [com.android.support:appcompat-v7:23.4.0] AndroidManifest.xml:23:9-75
	android:targetSdkVersion
		ADDED from src\main\AndroidManifest.xml:9:9-38
		INJECTED from src\main\AndroidManifest.xml
		INJECTED from src\main\AndroidManifest.xml
	android:minSdkVersion
		ADDED from src\main\AndroidManifest.xml:8:9-35
		INJECTED from src\main\AndroidManifest.xml
		INJECTED from src\main\AndroidManifest.xml
uses-permission#android.permission.INTERNET
ADDED from src\main\AndroidManifest.xml:10:5-67
MERGED from [com.google.android.gms:play-services-ads:7.5.0] AndroidManifest.xml:20:5-66
MERGED from [com.google.android.gms:play-services-analytics:7.5.0] AndroidManifest.xml:21:5-67
MERGED from [com.google.android.gms:play-services-appinvite:7.5.0] AndroidManifest.xml:19:5-67
MERGED from [com.google.android.gms:play-services-wallet:7.5.0] AndroidManifest.xml:20:5-66
MERGED from [com.google.android.gms:play-services-maps:7.5.0] AndroidManifest.xml:21:5-66
	android:name
		ADDED from src\main\AndroidManifest.xml:10:22-64
uses-permission#android.permission.WRITE_EXTERNAL_STORAGE
ADDED from src\main\AndroidManifest.xml:11:5-81
MERGED from [com.google.android.gms:play-services-maps:7.5.0] AndroidManifest.xml:22:5-80
	android:name
		ADDED from src\main\AndroidManifest.xml:11:22-78
uses-permission#android.permission.ACCESS_NETWORK_STATE
ADDED from src\main\AndroidManifest.xml:12:5-79
MERGED from [com.google.android.gms:play-services-ads:7.5.0] AndroidManifest.xml:21:5-78
MERGED from [com.google.android.gms:play-services-analytics:7.5.0] AndroidManifest.xml:22:5-79
MERGED from [com.google.android.gms:play-services-nearby:7.5.0] AndroidManifest.xml:19:5-79
MERGED from [com.google.android.gms:play-services-maps:7.5.0] AndroidManifest.xml:20:5-78
	android:name
		ADDED from src\main\AndroidManifest.xml:12:22-76
uses-permission#com.google.android.providers.gsf.permission.READ_GSERVICES
ADDED from src\main\AndroidManifest.xml:13:5-98
	android:name
		ADDED from src\main\AndroidManifest.xml:13:22-95
uses-permission#android.permission.READ_PHONE_STATE
ADDED from src\main\AndroidManifest.xml:14:5-75
	android:name
		ADDED from src\main\AndroidManifest.xml:14:22-72
uses-permission#android.permission.GET_ACCOUNTS
ADDED from src\main\AndroidManifest.xml:15:5-71
MERGED from [com.google.android.gms:play-services-wallet:7.5.0] AndroidManifest.xml:21:5-70
	android:name
		ADDED from src\main\AndroidManifest.xml:15:22-68
uses-permission#android.permission.WAKE_LOCK
ADDED from src\main\AndroidManifest.xml:16:5-68
	android:name
		ADDED from src\main\AndroidManifest.xml:16:22-65
uses-permission#com.google.android.c2dm.permission.RECEIVE
ADDED from src\main\AndroidManifest.xml:17:5-82
	android:name
		ADDED from src\main\AndroidManifest.xml:17:22-79
uses-permission#android.permission.CALL_PHONE
ADDED from src\main\AndroidManifest.xml:18:5-69
	android:name
		ADDED from src\main\AndroidManifest.xml:18:22-66
uses-permission#android.permission.ACCESS_FINE_LOCATION
ADDED from src\main\AndroidManifest.xml:20:5-79
	android:name
		ADDED from src\main\AndroidManifest.xml:20:22-76
uses-permission#android.permission.RECEIVE_BOOT_COMPLETED
ADDED from src\main\AndroidManifest.xml:21:5-81
	android:name
		ADDED from src\main\AndroidManifest.xml:21:22-78
permission#com.app2mobile.Sultanwok.permission.C2D_MESSAGE
ADDED from src\main\AndroidManifest.xml:23:5-25:47
	android:protectionLevel
		ADDED from src\main\AndroidManifest.xml:25:9-44
	android:name
		ADDED from src\main\AndroidManifest.xml:24:9-71
uses-permission#com.app2mobile.greenchicpea.C2D_MESSAGE
ADDED from src\main\AndroidManifest.xml:26:2-76
	android:name
		ADDED from src\main\AndroidManifest.xml:26:19-73
uses-feature#android.hardware.telephony
ADDED from src\main\AndroidManifest.xml:27:5-29:36
	android:required
		ADDED from src\main\AndroidManifest.xml:29:9-33
	android:name
		ADDED from src\main\AndroidManifest.xml:28:9-50
uses-feature#0x00020000
ADDED from src\main\AndroidManifest.xml:30:5-32:36
MERGED from [com.google.android.gms:play-services-maps:7.5.0] AndroidManifest.xml:24:5-26:33
	android:glEsVersion
		ADDED from src\main\AndroidManifest.xml:31:9-41
	android:required
		ADDED from src\main\AndroidManifest.xml:32:9-33
application
ADDED from src\main\AndroidManifest.xml:34:5-337:19
MERGED from [com.google.android.gms:play-services:7.5.0] AndroidManifest.xml:19:5-20
MERGED from [com.google.android.gms:play-services-ads:7.5.0] AndroidManifest.xml:24:5-32:19
MERGED from [com.google.android.gms:play-services-analytics:7.5.0] AndroidManifest.xml:24:5-20
MERGED from [com.google.android.gms:play-services-appindexing:7.5.0] AndroidManifest.xml:19:5-20
MERGED from [com.google.android.gms:play-services-appinvite:7.5.0] AndroidManifest.xml:20:5-20
MERGED from [com.google.android.gms:play-services-appstate:7.5.0] AndroidManifest.xml:19:5-20
MERGED from [com.google.android.gms:play-services-cast:7.5.0] AndroidManifest.xml:19:5-20
MERGED from [com.android.support:mediarouter-v7:22.0.0] AndroidManifest.xml:22:5-20
MERGED from [com.google.android.gms:play-services-fitness:7.5.0] AndroidManifest.xml:19:5-20
MERGED from [com.google.android.gms:play-services-games:7.5.0] AndroidManifest.xml:19:5-20
MERGED from [com.google.android.gms:play-services-drive:7.5.0] AndroidManifest.xml:19:5-20
MERGED from [com.google.android.gms:play-services-gcm:7.5.0] AndroidManifest.xml:19:5-20
MERGED from [com.google.android.gms:play-services-location:7.5.0] AndroidManifest.xml:19:5-20
MERGED from [com.google.android.gms:play-services-nearby:7.5.0] AndroidManifest.xml:20:5-20
MERGED from [com.google.android.gms:play-services-panorama:7.5.0] AndroidManifest.xml:19:5-20
MERGED from [com.google.android.gms:play-services-plus:7.5.0] AndroidManifest.xml:19:5-20
MERGED from [com.google.android.gms:play-services-safetynet:7.5.0] AndroidManifest.xml:19:5-20
MERGED from [com.google.android.gms:play-services-wallet:7.5.0] AndroidManifest.xml:24:5-35:19
MERGED from [com.google.android.gms:play-services-identity:7.5.0] AndroidManifest.xml:19:5-20
MERGED from [com.google.android.gms:play-services-maps:7.5.0] AndroidManifest.xml:29:5-20
MERGED from [com.google.android.gms:play-services-wearable:7.5.0] AndroidManifest.xml:19:5-20
MERGED from [com.google.android.gms:play-services-base:7.5.0] AndroidManifest.xml:20:5-24:19
MERGED from [com.android.support:cardview-v7:23.4.0] AndroidManifest.xml:22:5-20
MERGED from [com.android.support:design:23.4.0] AndroidManifest.xml:22:5-20
MERGED from [com.android.support:appcompat-v7:23.4.0] AndroidManifest.xml:25:5-20
MERGED from [com.android.support:animated-vector-drawable:23.4.0] AndroidManifest.xml:7:5-20
MERGED from [com.android.support:support-vector-drawable:23.4.0] AndroidManifest.xml:7:5-20
MERGED from [com.android.support:support-v4:23.4.0] AndroidManifest.xml:22:5-20
	android:label
		ADDED from src\main\AndroidManifest.xml:38:9-41
	android:allowBackup
		ADDED from src\main\AndroidManifest.xml:36:9-35
	android:icon
		ADDED from src\main\AndroidManifest.xml:37:9-45
	android:largeHeap
		ADDED from src\main\AndroidManifest.xml:39:9-33
	android:theme
		ADDED from src\main\AndroidManifest.xml:41:9-40
	android:name
		ADDED from src\main\AndroidManifest.xml:40:9-55
activity#com.app2mobile.Sultanwok.MainActivity
ADDED from src\main\AndroidManifest.xml:44:9-53:20
	android:screenOrientation
		ADDED from src\main\AndroidManifest.xml:47:14-54
	android:launchMode
		ADDED from src\main\AndroidManifest.xml:46:13-44
	android:name
		ADDED from src\main\AndroidManifest.xml:45:13-65
intent-filter#android.intent.action.MAIN+android.intent.category.LAUNCHER
ADDED from src\main\AndroidManifest.xml:48:13-52:29
action#android.intent.action.MAIN
ADDED from src\main\AndroidManifest.xml:49:17-69
	android:name
		ADDED from src\main\AndroidManifest.xml:49:25-66
category#android.intent.category.LAUNCHER
ADDED from src\main\AndroidManifest.xml:51:17-77
	android:name
		ADDED from src\main\AndroidManifest.xml:51:27-74
activity#com.app2mobile.Sultanwok.CategoryActivity
ADDED from src\main\AndroidManifest.xml:54:9-59:20
	android:screenOrientation
		ADDED from src\main\AndroidManifest.xml:57:14-54
	android:launchMode
		ADDED from src\main\AndroidManifest.xml:56:13-44
	android:name
		ADDED from src\main\AndroidManifest.xml:55:13-69
activity#com.app2mobile.Sultanwok.LocationActivity
ADDED from src\main\AndroidManifest.xml:60:9-64:47
	android:screenOrientation
		ADDED from src\main\AndroidManifest.xml:63:14-54
	android:launchMode
		ADDED from src\main\AndroidManifest.xml:64:13-44
	android:configChanges
		ADDED from src\main\AndroidManifest.xml:62:13-74
	android:name
		ADDED from src\main\AndroidManifest.xml:61:13-69
activity#com.app2mobile.Sultanwok.ProductActivity
ADDED from src\main\AndroidManifest.xml:65:9-69:47
	android:screenOrientation
		ADDED from src\main\AndroidManifest.xml:68:14-54
	android:launchMode
		ADDED from src\main\AndroidManifest.xml:69:13-44
	android:configChanges
		ADDED from src\main\AndroidManifest.xml:67:13-74
	android:name
		ADDED from src\main\AndroidManifest.xml:66:13-68
activity#com.app2mobile.Sultanwok.LoginSignupActivity
ADDED from src\main\AndroidManifest.xml:70:9-88:20
	android:screenOrientation
		ADDED from src\main\AndroidManifest.xml:73:14-54
	android:launchMode
		ADDED from src\main\AndroidManifest.xml:74:14-45
	android:noHistory
		ADDED from src\main\AndroidManifest.xml:75:14-39
	android:configChanges
		ADDED from src\main\AndroidManifest.xml:72:13-74
	android:name
		ADDED from src\main\AndroidManifest.xml:71:13-72
intent-filter#android.intent.action.VIEW+android.intent.category.BROWSABLE+android.intent.category.DEFAULT+my_action
ADDED from src\main\AndroidManifest.xml:76:13-87:29
action#my_action
ADDED from src\main\AndroidManifest.xml:77:17-52
	android:name
		ADDED from src\main\AndroidManifest.xml:77:25-49
action#android.intent.action.VIEW
ADDED from src\main\AndroidManifest.xml:78:17-69
	android:name
		ADDED from src\main\AndroidManifest.xml:78:25-66
category#android.intent.category.DEFAULT
ADDED from src\main\AndroidManifest.xml:80:17-76
	android:name
		ADDED from src\main\AndroidManifest.xml:80:27-73
category#android.intent.category.BROWSABLE
ADDED from src\main\AndroidManifest.xml:81:17-78
	android:name
		ADDED from src\main\AndroidManifest.xml:81:27-75
data
ADDED from src\main\AndroidManifest.xml:83:17-86:55
	android:host
		ADDED from src\main\AndroidManifest.xml:84:21-52
	android:scheme
		ADDED from src\main\AndroidManifest.xml:86:21-52
	android:pathPrefix
		ADDED from src\main\AndroidManifest.xml:85:21-51
activity#com.app2mobile.Sultanwok.Payment_InformationActivity
ADDED from src\main\AndroidManifest.xml:89:9-96:20
	android:screenOrientation
		ADDED from src\main\AndroidManifest.xml:93:25-65
	android:launchMode
		ADDED from src\main\AndroidManifest.xml:92:13-44
	android:configChanges
		ADDED from src\main\AndroidManifest.xml:91:13-74
	android:name
		ADDED from src\main\AndroidManifest.xml:90:13-80
activity#com.app2mobile.Sultanwok.DeliveryActivity
ADDED from src\main\AndroidManifest.xml:97:9-103:47
	android:screenOrientation
		ADDED from src\main\AndroidManifest.xml:101:25-65
	android:excludeFromRecents
		ADDED from src\main\AndroidManifest.xml:100:13-46
	android:launchMode
		ADDED from src\main\AndroidManifest.xml:103:13-44
	android:configChanges
		ADDED from src\main\AndroidManifest.xml:99:13-74
	android:name
		ADDED from src\main\AndroidManifest.xml:98:13-69
activity#com.app2mobile.Sultanwok.DetailActivity
ADDED from src\main\AndroidManifest.xml:104:9-110:47
	android:screenOrientation
		ADDED from src\main\AndroidManifest.xml:108:25-65
	android:excludeFromRecents
		ADDED from src\main\AndroidManifest.xml:107:13-46
	android:launchMode
		ADDED from src\main\AndroidManifest.xml:110:13-44
	android:configChanges
		ADDED from src\main\AndroidManifest.xml:106:13-74
	android:name
		ADDED from src\main\AndroidManifest.xml:105:13-67
activity#com.app2mobile.Sultanwok.ForgotPasswordActivity
ADDED from src\main\AndroidManifest.xml:111:9-118:52
	android:screenOrientation
		ADDED from src\main\AndroidManifest.xml:115:14-54
	android:excludeFromRecents
		ADDED from src\main\AndroidManifest.xml:114:13-46
	android:noHistory
		ADDED from src\main\AndroidManifest.xml:117:13-37
	android:configChanges
		ADDED from src\main\AndroidManifest.xml:113:13-74
	android:theme
		ADDED from src\main\AndroidManifest.xml:118:13-49
	android:name
		ADDED from src\main\AndroidManifest.xml:112:13-75
activity#com.app2mobile.Sultanwok.VarifyUserActivity
ADDED from src\main\AndroidManifest.xml:119:9-126:52
	android:screenOrientation
		ADDED from src\main\AndroidManifest.xml:123:25-65
	android:excludeFromRecents
		ADDED from src\main\AndroidManifest.xml:122:13-46
	android:noHistory
		ADDED from src\main\AndroidManifest.xml:125:13-37
	android:configChanges
		ADDED from src\main\AndroidManifest.xml:121:13-74
	android:theme
		ADDED from src\main\AndroidManifest.xml:126:13-49
	android:name
		ADDED from src\main\AndroidManifest.xml:120:13-71
activity#com.app2mobile.Sultanwok.ChangePasswordActivity
ADDED from src\main\AndroidManifest.xml:127:9-134:52
	android:screenOrientation
		ADDED from src\main\AndroidManifest.xml:131:25-65
	android:excludeFromRecents
		ADDED from src\main\AndroidManifest.xml:130:13-46
	android:noHistory
		ADDED from src\main\AndroidManifest.xml:133:13-37
	android:configChanges
		ADDED from src\main\AndroidManifest.xml:129:13-74
	android:theme
		ADDED from src\main\AndroidManifest.xml:134:13-49
	android:name
		ADDED from src\main\AndroidManifest.xml:128:13-75
activity#com.app2mobile.Sultanwok.ProductDetailActivity
ADDED from src\main\AndroidManifest.xml:135:9-144:52
	android:screenOrientation
		ADDED from src\main\AndroidManifest.xml:141:25-65
	android:launchMode
		ADDED from src\main\AndroidManifest.xml:140:13-44
	android:noHistory
		ADDED from src\main\AndroidManifest.xml:143:13-37
	android:windowSoftInputMode
		ADDED from src\main\AndroidManifest.xml:138:13-67
	android:configChanges
		ADDED from src\main\AndroidManifest.xml:137:13-74
	android:theme
		ADDED from src\main\AndroidManifest.xml:144:13-49
	android:name
		ADDED from src\main\AndroidManifest.xml:136:13-74
activity#com.app2mobile.Sultanwok.ProductDetailAttributeActivity
ADDED from src\main\AndroidManifest.xml:145:9-150:47
	android:screenOrientation
		ADDED from src\main\AndroidManifest.xml:148:14-54
	android:launchMode
		ADDED from src\main\AndroidManifest.xml:150:13-44
	android:configChanges
		ADDED from src\main\AndroidManifest.xml:147:13-74
	android:name
		ADDED from src\main\AndroidManifest.xml:146:13-83
activity#com.app2mobile.Sultanwok.FavoritesActivity
ADDED from src\main\AndroidManifest.xml:151:9-157:41
	android:screenOrientation
		ADDED from src\main\AndroidManifest.xml:155:25-65
	android:launchMode
		ADDED from src\main\AndroidManifest.xml:154:13-44
	android:noHistory
		ADDED from src\main\AndroidManifest.xml:157:13-38
	android:configChanges
		ADDED from src\main\AndroidManifest.xml:153:13-74
	android:name
		ADDED from src\main\AndroidManifest.xml:152:13-70
activity#com.app2mobile.Sultanwok.CheckOutProductListActivity
ADDED from src\main\AndroidManifest.xml:158:9-165:20
	android:screenOrientation
		ADDED from src\main\AndroidManifest.xml:161:13-53
	android:launchMode
		ADDED from src\main\AndroidManifest.xml:162:12-43
	android:windowSoftInputMode
		ADDED from src\main\AndroidManifest.xml:163:13-52
	android:configChanges
		ADDED from src\main\AndroidManifest.xml:160:13-74
	android:name
		ADDED from src\main\AndroidManifest.xml:159:13-80
activity#com.app2mobile.Sultanwok.PaymentActivity
ADDED from src\main\AndroidManifest.xml:166:9-174:20
	android:screenOrientation
		ADDED from src\main\AndroidManifest.xml:171:25-65
	android:excludeFromRecents
		ADDED from src\main\AndroidManifest.xml:169:13-46
	android:launchMode
		ADDED from src\main\AndroidManifest.xml:170:13-44
	android:configChanges
		ADDED from src\main\AndroidManifest.xml:168:13-74
	android:taskAffinity
		ADDED from src\main\AndroidManifest.xml:173:13-36
	android:name
		ADDED from src\main\AndroidManifest.xml:167:13-68
activity#com.app2mobile.Sultanwok.UserProfileActivity
ADDED from src\main\AndroidManifest.xml:175:9-182:55
	android:screenOrientation
		ADDED from src\main\AndroidManifest.xml:180:25-65
	android:launchMode
		ADDED from src\main\AndroidManifest.xml:178:13-44
	android:noHistory
		ADDED from src\main\AndroidManifest.xml:179:13-38
	android:windowSoftInputMode
		ADDED from src\main\AndroidManifest.xml:182:13-52
	android:configChanges
		ADDED from src\main\AndroidManifest.xml:177:13-74
	android:name
		ADDED from src\main\AndroidManifest.xml:176:13-72
activity#com.app2mobile.Sultanwok.OrderHistoryActivity
ADDED from src\main\AndroidManifest.xml:183:9-189:41
	android:screenOrientation
		ADDED from src\main\AndroidManifest.xml:187:25-65
	android:launchMode
		ADDED from src\main\AndroidManifest.xml:186:13-44
	android:noHistory
		ADDED from src\main\AndroidManifest.xml:189:13-38
	android:configChanges
		ADDED from src\main\AndroidManifest.xml:185:13-74
	android:name
		ADDED from src\main\AndroidManifest.xml:184:13-73
activity#com.app2mobile.Sultanwok.PaymentDetailPart1Activity
ADDED from src\main\AndroidManifest.xml:190:9-195:20
	android:screenOrientation
		ADDED from src\main\AndroidManifest.xml:193:25-65
	android:configChanges
		ADDED from src\main\AndroidManifest.xml:192:13-74
	android:name
		ADDED from src\main\AndroidManifest.xml:191:13-79
activity#com.app2mobile.Sultanwok.NotificationMessageActivity
ADDED from src\main\AndroidManifest.xml:196:9-202:52
	android:screenOrientation
		ADDED from src\main\AndroidManifest.xml:200:25-65
	android:launchMode
		ADDED from src\main\AndroidManifest.xml:199:13-44
	android:configChanges
		ADDED from src\main\AndroidManifest.xml:198:13-74
	android:theme
		ADDED from src\main\AndroidManifest.xml:202:13-49
	android:name
		ADDED from src\main\AndroidManifest.xml:197:13-80
activity#com.app2mobile.Sultanwok.First_page
ADDED from src\main\AndroidManifest.xml:203:9-209:41
	android:screenOrientation
		ADDED from src\main\AndroidManifest.xml:207:25-65
	android:launchMode
		ADDED from src\main\AndroidManifest.xml:206:13-44
	android:noHistory
		ADDED from src\main\AndroidManifest.xml:209:13-38
	android:configChanges
		ADDED from src\main\AndroidManifest.xml:205:13-74
	android:name
		ADDED from src\main\AndroidManifest.xml:204:13-63
activity#com.app2mobile.Sultanwok.Manual_Location
ADDED from src\main\AndroidManifest.xml:210:9-215:56
	android:screenOrientation
		ADDED from src\main\AndroidManifest.xml:215:13-53
	android:launchMode
		ADDED from src\main\AndroidManifest.xml:213:13-44
	android:noHistory
		ADDED from src\main\AndroidManifest.xml:214:13-38
	android:configChanges
		ADDED from src\main\AndroidManifest.xml:212:13-74
	android:name
		ADDED from src\main\AndroidManifest.xml:211:13-68
activity#com.app2mobile.Sultanwok.SingupActivity
ADDED from src\main\AndroidManifest.xml:216:9-223:20
	android:screenOrientation
		ADDED from src\main\AndroidManifest.xml:221:13-53
	android:excludeFromRecents
		ADDED from src\main\AndroidManifest.xml:219:13-46
	android:launchMode
		ADDED from src\main\AndroidManifest.xml:220:13-44
	android:configChanges
		ADDED from src\main\AndroidManifest.xml:218:13-74
	android:taskAffinity
		ADDED from src\main\AndroidManifest.xml:222:13-36
	android:name
		ADDED from src\main\AndroidManifest.xml:217:13-67
activity#com.app2mobile.Sultanwok.Reoder_Activity
ADDED from src\main\AndroidManifest.xml:224:9-244:20
	android:screenOrientation
		ADDED from src\main\AndroidManifest.xml:228:25-65
	android:excludeFromRecents
		ADDED from src\main\AndroidManifest.xml:226:16-49
	android:launchMode
		ADDED from src\main\AndroidManifest.xml:227:13-44
	android:noHistory
		ADDED from src\main\AndroidManifest.xml:229:13-37
	android:windowSoftInputMode
		ADDED from src\main\AndroidManifest.xml:231:13-52
	android:taskAffinity
		ADDED from src\main\AndroidManifest.xml:230:13-36
	android:name
		ADDED from src\main\AndroidManifest.xml:225:13-68
activity#com.app2mobile.Sultanwok.Checkout_Webview
ADDED from src\main\AndroidManifest.xml:245:9-249:20
	android:launchMode
		ADDED from src\main\AndroidManifest.xml:248:13-44
	android:configChanges
		ADDED from src\main\AndroidManifest.xml:247:13-74
	android:name
		ADDED from src\main\AndroidManifest.xml:246:13-69
activity#com.app2mobile.Sultanwok.fragment.Second_Webview
ADDED from src\main\AndroidManifest.xml:250:9-257:20
	android:screenOrientation
		ADDED from src\main\AndroidManifest.xml:255:13-53
	android:launchMode
		ADDED from src\main\AndroidManifest.xml:253:13-44
	android:noHistory
		ADDED from src\main\AndroidManifest.xml:254:13-38
	android:configChanges
		ADDED from src\main\AndroidManifest.xml:252:13-74
	android:taskAffinity
		ADDED from src\main\AndroidManifest.xml:256:13-36
	android:name
		ADDED from src\main\AndroidManifest.xml:251:13-76
activity#com.app2mobile.Sultanwok.Credit_Card_Detail
ADDED from src\main\AndroidManifest.xml:258:9-262:52
	android:screenOrientation
		ADDED from src\main\AndroidManifest.xml:261:13-53
	android:configChanges
		ADDED from src\main\AndroidManifest.xml:260:13-74
	android:theme
		ADDED from src\main\AndroidManifest.xml:262:13-49
	android:name
		ADDED from src\main\AndroidManifest.xml:259:13-71
activity#com.app2mobile.Sultanwok.PickupnDeliveryDialog
ADDED from src\main\AndroidManifest.xml:263:9-267:15
	android:screenOrientation
		ADDED from src\main\AndroidManifest.xml:266:13-53
	android:configChanges
		ADDED from src\main\AndroidManifest.xml:265:13-74
	android:name
		ADDED from src\main\AndroidManifest.xml:264:13-74
activity#com.app2mobile.Sultanwok.Show_Credit_Card_Actvity
ADDED from src\main\AndroidManifest.xml:268:9-274:20
	android:screenOrientation
		ADDED from src\main\AndroidManifest.xml:272:13-53
	android:launchMode
		ADDED from src\main\AndroidManifest.xml:271:13-44
	android:configChanges
		ADDED from src\main\AndroidManifest.xml:270:13-74
	android:theme
		ADDED from src\main\AndroidManifest.xml:273:13-49
	android:name
		ADDED from src\main\AndroidManifest.xml:269:13-77
activity#com.app2mobile.Sultanwok.Billing_Address_Dialog
ADDED from src\main\AndroidManifest.xml:275:2-281:20
	android:screenOrientation
		ADDED from src\main\AndroidManifest.xml:279:13-53
	android:launchMode
		ADDED from src\main\AndroidManifest.xml:278:13-44
	android:configChanges
		ADDED from src\main\AndroidManifest.xml:277:13-74
	android:theme
		ADDED from src\main\AndroidManifest.xml:280:13-49
	android:name
		ADDED from src\main\AndroidManifest.xml:276:13-75
activity#com.app2mobile.Sultanwok.Pickup_Address_dialog
ADDED from src\main\AndroidManifest.xml:283:1-290:20
	android:screenOrientation
		ADDED from src\main\AndroidManifest.xml:287:13-53
	android:launchMode
		ADDED from src\main\AndroidManifest.xml:286:13-44
	android:configChanges
		ADDED from src\main\AndroidManifest.xml:285:13-74
	android:theme
		ADDED from src\main\AndroidManifest.xml:288:14-50
	android:name
		ADDED from src\main\AndroidManifest.xml:284:13-74
activity#com.app2mobile.Sultanwok.Exception_Show
ADDED from src\main\AndroidManifest.xml:291:9-296:52
	android:excludeFromRecents
		ADDED from src\main\AndroidManifest.xml:294:13-46
	android:noHistory
		ADDED from src\main\AndroidManifest.xml:295:13-37
	android:configChanges
		ADDED from src\main\AndroidManifest.xml:293:13-74
	android:theme
		ADDED from src\main\AndroidManifest.xml:296:13-49
	android:name
		ADDED from src\main\AndroidManifest.xml:292:13-67
activity#com.app2mobile.utiles.Loading_Dialog
ADDED from src\main\AndroidManifest.xml:297:10-302:15
	android:excludeFromRecents
		ADDED from src\main\AndroidManifest.xml:300:13-46
	android:noHistory
		ADDED from src\main\AndroidManifest.xml:301:13-37
	android:configChanges
		ADDED from src\main\AndroidManifest.xml:299:13-74
	android:name
		ADDED from src\main\AndroidManifest.xml:298:13-64
receiver#com.app2mobile.gcm.GcmBroadcastReceiver
ADDED from src\main\AndroidManifest.xml:304:9-313:20
	android:permission
		ADDED from src\main\AndroidManifest.xml:306:13-73
	android:name
		ADDED from src\main\AndroidManifest.xml:305:13-67
intent-filter#com.app2mobile.millburndeli+com.google.android.c2dm.intent.RECEIVE+com.google.android.c2dm.intent.REGISTRATION
ADDED from src\main\AndroidManifest.xml:307:13-312:29
action#com.google.android.c2dm.intent.RECEIVE
ADDED from src\main\AndroidManifest.xml:308:17-81
	android:name
		ADDED from src\main\AndroidManifest.xml:308:25-78
action#com.google.android.c2dm.intent.REGISTRATION
ADDED from src\main\AndroidManifest.xml:309:17-86
	android:name
		ADDED from src\main\AndroidManifest.xml:309:25-83
category#com.app2mobile.millburndeli
ADDED from src\main\AndroidManifest.xml:311:17-72
	android:name
		ADDED from src\main\AndroidManifest.xml:311:27-69
service#com.app2mobile.gcm.GCMNotificationIntentService
ADDED from src\main\AndroidManifest.xml:315:9-83
	android:name
		ADDED from src\main\AndroidManifest.xml:315:18-80
service#com.app2mobile.geofence.GeofenceTransitionsIntentService
ADDED from src\main\AndroidManifest.xml:316:9-92
	android:name
		ADDED from src\main\AndroidManifest.xml:316:18-89
receiver#com.app2mobile.location.AlaramBroadcastReceiver
ADDED from src\main\AndroidManifest.xml:323:9-84
	android:name
		ADDED from src\main\AndroidManifest.xml:323:19-81
receiver#com.app2mobile.location.BootupCompleteBroadcastReceiver
ADDED from src\main\AndroidManifest.xml:324:9-329:20
	android:name
		ADDED from src\main\AndroidManifest.xml:324:19-89
intent-filter#android.intent.action.BOOT_COMPLETED
ADDED from src\main\AndroidManifest.xml:325:13-328:29
action#android.intent.action.BOOT_COMPLETED
ADDED from src\main\AndroidManifest.xml:326:17-327:26
	android:name
		ADDED from src\main\AndroidManifest.xml:326:25-76
meta-data#com.google.android.gms.version
ADDED from src\main\AndroidManifest.xml:331:9-333:69
MERGED from [com.google.android.gms:play-services-base:7.5.0] AndroidManifest.xml:21:9-23:69
	android:value
		ADDED from src\main\AndroidManifest.xml:333:13-66
	android:name
		ADDED from src\main\AndroidManifest.xml:332:13-58
meta-data#com.google.android.maps.v2.API_KEY
ADDED from src\main\AndroidManifest.xml:334:9-336:51
	android:value
		ADDED from src\main\AndroidManifest.xml:336:13-48
	android:name
		ADDED from src\main\AndroidManifest.xml:335:13-62
meta-data#com.google.android.gms.analytics.globalConfigResource
ADDED from src\main\AndroidManifest.xml:338:1-342:50
	android:resource
		ADDED from src\main\AndroidManifest.xml:342:9-47
	android:name